{"api":"Nodejs Uygulaması Endpointleri","label":"Benim Api","level":"info","message":"::1 den ilgili endpointe  /getAllUser erişim sağlandı ","timestamp":"2024-03-28T12:59:47.474Z"}
{"api":"Nodejs Uygulaması Endpointleri","label":"Benim Api","level":"info","message":"::1 den ilgili endpointe  /getAllUser erişim sağlandı ","timestamp":"2024-03-28T13:05:25.612Z"}
{"api":"Nodejs Uygulaması Endpointleri","label":"Benim Api","level":"info","message":"::1 den ilgili endpointe  /getAllUser erişim sağlandı ","timestamp":"2024-03-28T18:36:53.222Z"}
{"api":"Nodejs Uygulaması Endpointleri","label":"Benim Api","level":"info","message":"::1 den ilgili endpointe  /getAllSocial erişim sağlandı ","timestamp":"2024-03-28T18:38:35.202Z"}
{"api":"Nodejs Uygulaması Endpointleri","label":"Benim Api","level":"error","message":"::1 den ilgili endpointe  /getAllSocialById/14 erişim sağlandı hata alındı hata bilgileri TypeError: Cannot read properties of null (reading 'getSocials') ","timestamp":"2024-03-28T18:40:44.669Z"}
{"api":"Nodejs Uygulaması Endpointleri","label":"Benim Api","level":"info","message":"::1 den ilgili endpointe  /getAllUser erişim sağlandı ","timestamp":"2024-03-28T18:41:23.473Z"}
{"api":"Nodejs Uygulaması Endpointleri","label":"Benim Api","level":"info","message":"::1 den ilgili endpointe  /getUserById/14 erişim sağlandı ","timestamp":"2024-03-28T18:41:38.032Z"}
{"api":"Nodejs Uygulaması Endpointleri","label":"Benim Api","level":"info","message":"::1 den ilgili endpointe  /getUserById/13 erişim sağlandı ","timestamp":"2024-03-28T18:41:42.220Z"}
{"api":"Nodejs Uygulaması Endpointleri","label":"Benim Api","level":"info","message":"::1 den ilgili endpointe  /getAllSocial erişim sağlandı ","timestamp":"2024-03-28T18:41:54.548Z"}
{"api":"Nodejs Uygulaması Endpointleri","label":"Benim Api","level":"info","message":"::1 den ilgili endpointe  /getAllSocialById/13 erişim sağlandı ","timestamp":"2024-03-28T18:42:13.065Z"}
{"api":"Nodejs Uygulaması Endpointleri","label":"Benim Api","level":"error","message":"::1 den ilgili endpointe  /getAllUser erişim sağlandı hata alındı hata bilgileri ReferenceError: User is not defined ","timestamp":"2024-03-28T19:00:01.562Z"}
{"api":"Nodejs Uygulaması Endpointleri","label":"Benim Api","level":"info","message":"::1 den ilgili endpointe  /getAllUser erişim sağlandı ","timestamp":"2024-03-28T19:01:10.041Z"}
{"api":"Nodejs Uygulaması Endpointleri","label":"Benim Api","level":"error","message":"::1 den ilgili endpointe  /getAllUser erişim sağlandı hata alındı hata bilgileri ReferenceError: User is not defined ","timestamp":"2024-03-28T19:01:25.763Z"}
{"api":"Nodejs Uygulaması Endpointleri","label":"Benim Api","level":"info","message":"::1 den ilgili endpointe  /getAllUser erişim sağlandı ","timestamp":"2024-03-28T19:01:42.943Z"}
{"api":"Nodejs Uygulaması Endpointleri","label":"Benim Api","level":"error","message":"::1 den ilgili endpointe  /getAllUser erişim sağlandı hata alındı hata bilgileri ReferenceError: User is not defined ","timestamp":"2024-03-28T19:02:50.931Z"}
{"api":"Nodejs Uygulaması Endpointleri","label":"Benim Api","level":"info","message":"::1 den ilgili endpointe  /getAllUser erişim sağlandı ","timestamp":"2024-03-28T19:05:05.436Z"}
{"api":"Nodejs Uygulaması Endpointleri","label":"Benim Api","level":"info","message":"::1 den ilgili endpointe  /getUserById/13 erişim sağlandı ","timestamp":"2024-03-28T19:05:16.892Z"}
{"api":"Nodejs Uygulaması Endpointleri","label":"Benim Api","level":"info","message":"::1 den ilgili endpointe  /getUserById/15 erişim sağlandı ","timestamp":"2024-03-28T19:05:21.208Z"}
{"api":"Nodejs Uygulaması Endpointleri","label":"Benim Api","level":"info","message":"::1 den ilgili endpointe  /getUserById/16 erişim sağlandı ","timestamp":"2024-03-28T19:05:25.784Z"}
{"api":"Nodejs Uygulaması Endpointleri","label":"Benim Api","level":"info","message":"::1 den ilgili endpointe  /getAllUser erişim sağlandı ","timestamp":"2024-03-28T19:05:42.615Z"}
{"api":"Nodejs Uygulaması Endpointleri","label":"Benim Api","level":"info","message":"::1 den ilgili endpointe  /getAllSocial erişim sağlandı ","timestamp":"2024-03-28T19:05:52.863Z"}
{"api":"Nodejs Uygulaması Endpointleri","label":"Benim Api","level":"info","message":"::1 den ilgili endpointe  /getAllSocial erişim sağlandı ","timestamp":"2024-03-28T19:06:05.183Z"}
{"api":"Nodejs Uygulaması Endpointleri","label":"Benim Api","level":"info","message":"::1 den ilgili endpointe  /getAllSocialById/13 erişim sağlandı ","timestamp":"2024-03-28T19:06:24.899Z"}
