{"api":"Nodejs Uygulaması Endpointleri","label":"Benim Api","level":"info","message":"::1 den ilgili endpointe  /getAllUser erişim sağlandı ","timestamp":"2024-03-22T07:42:28.467Z"}
{"api":"Nodejs Uygulaması Endpointleri","label":"Benim Api","level":"info","message":"::1 den ilgili endpointe  /createUser erişim sağlandı ","timestamp":"2024-03-22T09:00:18.137Z"}
{"api":"Nodejs Uygulaması Endpointleri","label":"Benim Api","level":"error","message":"::1 den ilgili endpointe  /createUser erişim sağlandı hata alındı hata bilgileri ReferenceError: json is not defined ","timestamp":"2024-03-22T09:02:31.332Z"}
{"api":"Nodejs Uygulaması Endpointleri","label":"Benim Api","level":"error","message":"::1 den ilgili endpointe  /createUser erişim sağlandı hata alındı hata bilgileri ReferenceError: json is not defined ","timestamp":"2024-03-22T09:02:55.742Z"}
{"api":"Nodejs Uygulaması Endpointleri","label":"Benim Api","level":"info","message":"::1 den ilgili endpointe  /createUser erişim sağlandı ","timestamp":"2024-03-22T09:04:03.766Z"}
{"api":"Nodejs Uygulaması Endpointleri","label":"Benim Api","level":"info","message":"::1 den ilgili endpointe  /createUser erişim sağlandı ","timestamp":"2024-03-22T09:05:18.452Z"}
{"api":"Nodejs Uygulaması Endpointleri","label":"Benim Api","level":"info","message":"::1 den ilgili endpointe  /createUser erişim sağlandı ","timestamp":"2024-03-22T09:05:42.405Z"}
{"api":"Nodejs Uygulaması Endpointleri","label":"Benim Api","level":"info","message":"::1 den ilgili endpointe  /createUser erişim sağlandı ","timestamp":"2024-03-22T09:06:11.690Z"}
{"api":"Nodejs Uygulaması Endpointleri","label":"Benim Api","level":"info","message":"::1 den ilgili endpointe  /createUser erişim sağlandı ","timestamp":"2024-03-22T09:06:47.798Z"}
{"api":"Nodejs Uygulaması Endpointleri","label":"Benim Api","level":"info","message":"::1 den ilgili endpointe  /createUser erişim sağlandı ","timestamp":"2024-03-22T09:08:03.078Z"}
{"api":"Nodejs Uygulaması Endpointleri","label":"Benim Api","level":"info","message":"::1 den ilgili endpointe  /createUser erişim sağlandı ","timestamp":"2024-03-22T09:08:18.808Z"}
{"api":"Nodejs Uygulaması Endpointleri","label":"Benim Api","level":"info","message":"::1 den ilgili endpointe  /createUser erişim sağlandı ","timestamp":"2024-03-22T09:09:23.516Z"}
{"api":"Nodejs Uygulaması Endpointleri","label":"Benim Api","level":"error","message":"::1 den ilgili endpointe  /createUser erişim sağlandı hata alındı hata bilgileri SyntaxError: Unexpected token o in JSON at position 1 ","timestamp":"2024-03-22T09:10:14.948Z"}
{"api":"Nodejs Uygulaması Endpointleri","label":"Benim Api","level":"error","message":"::1 den ilgili endpointe  /createUser erişim sağlandı hata alındı hata bilgileri SyntaxError: Unexpected token o in JSON at position 1 ","timestamp":"2024-03-22T09:26:13.001Z"}
{"api":"Nodejs Uygulaması Endpointleri","label":"Benim Api","level":"info","message":"::1 den ilgili endpointe  /createUser erişim sağlandı ","timestamp":"2024-03-22T09:26:41.476Z"}
{"api":"Nodejs Uygulaması Endpointleri","label":"Benim Api","level":"error","message":"::1 den ilgili endpointe  /createUser erişim sağlandı hata alındı hata bilgileri ReferenceError: json is not defined ","timestamp":"2024-03-22T09:27:39.958Z"}
{"api":"Nodejs Uygulaması Endpointleri","label":"Benim Api","level":"error","message":"::1 den ilgili endpointe  /createUser erişim sağlandı hata alındı hata bilgileri SyntaxError: Unexpected token o in JSON at position 1 ","timestamp":"2024-03-22T09:28:01.941Z"}
{"api":"Nodejs Uygulaması Endpointleri","label":"Benim Api","level":"error","message":"::1 den ilgili endpointe  /createUser erişim sağlandı hata alındı hata bilgileri TypeError: res.json.parse is not a function ","timestamp":"2024-03-22T09:28:23.204Z"}
{"api":"Nodejs Uygulaması Endpointleri","label":"Benim Api","level":"info","message":"::1 den ilgili endpointe  /createUser erişim sağlandı ","timestamp":"2024-03-22T09:29:19.909Z"}
{"api":"Nodejs Uygulaması Endpointleri","label":"Benim Api","level":"info","message":"::1 den ilgili endpointe  /createUser erişim sağlandı ","timestamp":"2024-03-22T09:29:51.849Z"}
{"api":"Nodejs Uygulaması Endpointleri","label":"Benim Api","level":"info","message":"::1 den ilgili endpointe  /createUser erişim sağlandı ","timestamp":"2024-03-22T09:30:35.711Z"}
{"api":"Nodejs Uygulaması Endpointleri","label":"Benim Api","level":"info","message":"::1 den ilgili endpointe  /createUser erişim sağlandı ","timestamp":"2024-03-22T09:30:43.361Z"}
{"api":"Nodejs Uygulaması Endpointleri","label":"Benim Api","level":"info","message":"::1 den ilgili endpointe  /createUser erişim sağlandı ","timestamp":"2024-03-22T09:30:55.280Z"}
{"api":"Nodejs Uygulaması Endpointleri","label":"Benim Api","level":"info","message":"::1 den ilgili endpointe  /createUser erişim sağlandı ","timestamp":"2024-03-22T09:37:56.119Z"}
{"api":"Nodejs Uygulaması Endpointleri","label":"Benim Api","level":"info","message":"::1 den ilgili endpointe  /createUser erişim sağlandı ","timestamp":"2024-03-22T09:38:03.985Z"}
{"api":"Nodejs Uygulaması Endpointleri","label":"Benim Api","level":"info","message":"::1 den ilgili endpointe  /createUser erişim sağlandı ","timestamp":"2024-03-22T09:38:08.009Z"}
{"api":"Nodejs Uygulaması Endpointleri","label":"Benim Api","level":"info","message":"::1 den ilgili endpointe  /getUserById/29 erişim sağlandı ","timestamp":"2024-03-22T09:38:19.523Z"}
{"api":"Nodejs Uygulaması Endpointleri","label":"Benim Api","level":"info","message":"::1 den ilgili endpointe  /getUserById/30 erişim sağlandı ","timestamp":"2024-03-22T09:38:24.618Z"}
{"api":"Nodejs Uygulaması Endpointleri","label":"Benim Api","level":"info","message":"::1 den ilgili endpointe  /createUser erişim sağlandı ","timestamp":"2024-03-22T09:39:54.646Z"}
{"api":"Nodejs Uygulaması Endpointleri","label":"Benim Api","level":"info","message":"::1 den ilgili endpointe  /getUserById/31 erişim sağlandı ","timestamp":"2024-03-22T09:40:06.856Z"}
{"api":"Nodejs Uygulaması Endpointleri","label":"Benim Api","level":"info","message":"::1 den ilgili endpointe  /createUser erişim sağlandı ","timestamp":"2024-03-22T09:42:54.749Z"}
{"api":"Nodejs Uygulaması Endpointleri","label":"Benim Api","level":"info","message":"::1 den ilgili endpointe  /createUser erişim sağlandı ","timestamp":"2024-03-22T11:47:38.049Z"}
{"api":"Nodejs Uygulaması Endpointleri","label":"Benim Api","level":"info","message":"::1 den ilgili endpointe  /createUser erişim sağlandı ","timestamp":"2024-03-22T11:48:23.366Z"}
{"api":"Nodejs Uygulaması Endpointleri","label":"Benim Api","level":"info","message":"::1 den ilgili endpointe  /createUser erişim sağlandı ","timestamp":"2024-03-22T11:49:00.867Z"}
{"api":"Nodejs Uygulaması Endpointleri","label":"Benim Api","level":"info","message":"::1 den ilgili endpointe  /createUser erişim sağlandı ","timestamp":"2024-03-22T11:49:12.325Z"}
{"api":"Nodejs Uygulaması Endpointleri","label":"Benim Api","level":"info","message":"::1 den ilgili endpointe  /createUser erişim sağlandı ","timestamp":"2024-03-22T11:50:12.128Z"}
{"api":"Nodejs Uygulaması Endpointleri","label":"Benim Api","level":"info","message":"::1 den ilgili endpointe  /createUser erişim sağlandı ","timestamp":"2024-03-22T11:50:15.497Z"}
{"api":"Nodejs Uygulaması Endpointleri","label":"Benim Api","level":"info","message":"::1 den ilgili endpointe  /getUserById/37 erişim sağlandı ","timestamp":"2024-03-22T11:51:01.434Z"}
{"api":"Nodejs Uygulaması Endpointleri","label":"Benim Api","level":"info","message":"::1 den ilgili endpointe  /getUserById/38 erişim sağlandı ","timestamp":"2024-03-22T11:51:29.984Z"}
{"api":"Nodejs Uygulaması Endpointleri","label":"Benim Api","level":"info","message":"::1 den ilgili endpointe  /getUserById/36 erişim sağlandı ","timestamp":"2024-03-22T11:51:35.720Z"}
{"api":"Nodejs Uygulaması Endpointleri","label":"Benim Api","level":"info","message":"::1 den ilgili endpointe  /getUserById/38 erişim sağlandı ","timestamp":"2024-03-22T11:51:42.771Z"}
{"api":"Nodejs Uygulaması Endpointleri","label":"Benim Api","level":"info","message":"::1 den ilgili endpointe  /getUserById/36 erişim sağlandı ","timestamp":"2024-03-22T11:54:49.742Z"}
{"api":"Nodejs Uygulaması Endpointleri","label":"Benim Api","level":"info","message":"::1 den ilgili endpointe  /getUserById/36 erişim sağlandı ","timestamp":"2024-03-22T11:54:55.829Z"}
{"api":"Nodejs Uygulaması Endpointleri","label":"Benim Api","level":"info","message":"::1 den ilgili endpointe  /getAllUser erişim sağlandı ","timestamp":"2024-03-22T11:58:56.922Z"}
{"api":"Nodejs Uygulaması Endpointleri","label":"Benim Api","level":"info","message":"::1 den ilgili endpointe  /getAllUser erişim sağlandı ","timestamp":"2024-03-22T12:03:16.877Z"}
{"api":"Nodejs Uygulaması Endpointleri","label":"Benim Api","level":"info","message":"::1 den ilgili endpointe  /getAllUser erişim sağlandı ","timestamp":"2024-03-22T12:06:24.673Z"}
{"api":"Nodejs Uygulaması Endpointleri","label":"Benim Api","level":"info","message":"::1 den ilgili endpointe  /getAllUser erişim sağlandı ","timestamp":"2024-03-22T12:06:24.967Z"}
{"api":"Nodejs Uygulaması Endpointleri","label":"Benim Api","level":"info","message":"::1 den ilgili endpointe  /getAllUser erişim sağlandı ","timestamp":"2024-03-22T12:08:18.840Z"}
{"api":"Nodejs Uygulaması Endpointleri","label":"Benim Api","level":"info","message":"::1 den ilgili endpointe  /getAllUser erişim sağlandı ","timestamp":"2024-03-22T12:08:45.240Z"}
{"api":"Nodejs Uygulaması Endpointleri","label":"Benim Api","level":"info","message":"::1 den ilgili endpointe  /getAllUser erişim sağlandı ","timestamp":"2024-03-22T12:09:38.493Z"}
{"api":"Nodejs Uygulaması Endpointleri","label":"Benim Api","level":"info","message":"::1 den ilgili endpointe  /getAllUser erişim sağlandı ","timestamp":"2024-03-22T12:10:16.302Z"}
{"api":"Nodejs Uygulaması Endpointleri","label":"Benim Api","level":"info","message":"::1 den ilgili endpointe  /getAllUser erişim sağlandı ","timestamp":"2024-03-22T12:11:13.706Z"}
{"api":"Nodejs Uygulaması Endpointleri","label":"Benim Api","level":"info","message":"::1 den ilgili endpointe  /getAllUser erişim sağlandı ","timestamp":"2024-03-22T12:13:00.069Z"}
{"api":"Nodejs Uygulaması Endpointleri","label":"Benim Api","level":"info","message":"::1 den ilgili endpointe  /getAllUser erişim sağlandı ","timestamp":"2024-03-22T12:13:10.976Z"}
{"api":"Nodejs Uygulaması Endpointleri","label":"Benim Api","level":"info","message":"::1 den ilgili endpointe  /getAllUser erişim sağlandı ","timestamp":"2024-03-22T12:13:13.811Z"}
{"api":"Nodejs Uygulaması Endpointleri","label":"Benim Api","level":"info","message":"::1 den ilgili endpointe  /getAllUser erişim sağlandı ","timestamp":"2024-03-22T12:13:15.110Z"}
{"api":"Nodejs Uygulaması Endpointleri","label":"Benim Api","level":"info","message":"::1 den ilgili endpointe  /getAllUser erişim sağlandı ","timestamp":"2024-03-22T12:14:03.189Z"}
{"api":"Nodejs Uygulaması Endpointleri","label":"Benim Api","level":"info","message":"::1 den ilgili endpointe  /getAllUser erişim sağlandı ","timestamp":"2024-03-22T12:16:39.571Z"}
{"api":"Nodejs Uygulaması Endpointleri","label":"Benim Api","level":"info","message":"::1 den ilgili endpointe  /getAllUser erişim sağlandı ","timestamp":"2024-03-22T12:17:43.520Z"}
{"api":"Nodejs Uygulaması Endpointleri","label":"Benim Api","level":"info","message":"::1 den ilgili endpointe  /getAllUser erişim sağlandı ","timestamp":"2024-03-22T12:22:17.996Z"}
{"api":"Nodejs Uygulaması Endpointleri","label":"Benim Api","level":"info","message":"::1 den ilgili endpointe  /getAllUser erişim sağlandı ","timestamp":"2024-03-22T12:23:23.719Z"}
{"api":"Nodejs Uygulaması Endpointleri","label":"Benim Api","level":"info","message":"::1 den ilgili endpointe  /getAllUser erişim sağlandı ","timestamp":"2024-03-22T12:24:24.573Z"}
{"api":"Nodejs Uygulaması Endpointleri","label":"Benim Api","level":"info","message":"::1 den ilgili endpointe  /getAllUser erişim sağlandı ","timestamp":"2024-03-22T12:24:26.719Z"}
{"api":"Nodejs Uygulaması Endpointleri","label":"Benim Api","level":"info","message":"::1 den ilgili endpointe  /getAllUser erişim sağlandı ","timestamp":"2024-03-22T12:24:26.908Z"}
{"api":"Nodejs Uygulaması Endpointleri","label":"Benim Api","level":"info","message":"::1 den ilgili endpointe  /getAllUser erişim sağlandı ","timestamp":"2024-03-22T12:27:15.041Z"}
{"api":"Nodejs Uygulaması Endpointleri","label":"Benim Api","level":"info","message":"::1 den ilgili endpointe  /createUser erişim sağlandı ","timestamp":"2024-03-22T12:27:47.757Z"}
{"api":"Nodejs Uygulaması Endpointleri","label":"Benim Api","level":"info","message":"::1 den ilgili endpointe  /createUser erişim sağlandı ","timestamp":"2024-03-22T12:27:49.320Z"}
{"api":"Nodejs Uygulaması Endpointleri","label":"Benim Api","level":"info","message":"::1 den ilgili endpointe  /createUser erişim sağlandı ","timestamp":"2024-03-22T12:27:52.599Z"}
{"api":"Nodejs Uygulaması Endpointleri","label":"Benim Api","level":"info","message":"::1 den ilgili endpointe  /getAllUser erişim sağlandı ","timestamp":"2024-03-22T12:28:00.633Z"}
{"api":"Nodejs Uygulaması Endpointleri","label":"Benim Api","level":"info","message":"::1 den ilgili endpointe  /getAllUser erişim sağlandı ","timestamp":"2024-03-22T12:28:47.794Z"}
{"api":"Nodejs Uygulaması Endpointleri","label":"Benim Api","level":"info","message":"::1 den ilgili endpointe  /getAllUser erişim sağlandı ","timestamp":"2024-03-22T12:29:24.554Z"}
{"api":"Nodejs Uygulaması Endpointleri","label":"Benim Api","level":"info","message":"::1 den ilgili endpointe  /getAllUser erişim sağlandı ","timestamp":"2024-03-22T12:29:45.404Z"}
{"api":"Nodejs Uygulaması Endpointleri","label":"Benim Api","level":"info","message":"::1 den ilgili endpointe  /getAllUser erişim sağlandı ","timestamp":"2024-03-22T12:29:47.668Z"}
{"api":"Nodejs Uygulaması Endpointleri","label":"Benim Api","level":"info","message":"::1 den ilgili endpointe  /getAllUser erişim sağlandı ","timestamp":"2024-03-22T12:31:18.040Z"}
{"api":"Nodejs Uygulaması Endpointleri","label":"Benim Api","level":"info","message":"::1 den ilgili endpointe  /getAllUser erişim sağlandı ","timestamp":"2024-03-22T12:35:23.579Z"}
{"api":"Nodejs Uygulaması Endpointleri","label":"Benim Api","level":"info","message":"::1 den ilgili endpointe  /getAllUser erişim sağlandı ","timestamp":"2024-03-22T12:36:21.210Z"}
{"api":"Nodejs Uygulaması Endpointleri","label":"Benim Api","level":"info","message":"::1 den ilgili endpointe  /getAllUser erişim sağlandı ","timestamp":"2024-03-22T12:36:30.139Z"}
{"api":"Nodejs Uygulaması Endpointleri","label":"Benim Api","level":"info","message":"::1 den ilgili endpointe  /getAllUser erişim sağlandı ","timestamp":"2024-03-22T12:37:54.981Z"}
{"api":"Nodejs Uygulaması Endpointleri","label":"Benim Api","level":"info","message":"::1 den ilgili endpointe  /getAllUser erişim sağlandı ","timestamp":"2024-03-22T12:38:15.787Z"}
{"api":"Nodejs Uygulaması Endpointleri","label":"Benim Api","level":"info","message":"::1 den ilgili endpointe  /getAllUser erişim sağlandı ","timestamp":"2024-03-22T12:46:53.018Z"}
{"api":"Nodejs Uygulaması Endpointleri","label":"Benim Api","level":"info","message":"::1 den ilgili endpointe  /getAllUser erişim sağlandı ","timestamp":"2024-03-22T12:47:29.908Z"}
{"api":"Nodejs Uygulaması Endpointleri","label":"Benim Api","level":"info","message":"::1 den ilgili endpointe  /getAllUser erişim sağlandı ","timestamp":"2024-03-22T13:05:27.571Z"}
{"api":"Nodejs Uygulaması Endpointleri","label":"Benim Api","level":"info","message":"::1 den ilgili endpointe  /getAllUser erişim sağlandı ","timestamp":"2024-03-22T13:06:31.664Z"}
{"api":"Nodejs Uygulaması Endpointleri","label":"Benim Api","level":"info","message":"::1 den ilgili endpointe  /getAllUser erişim sağlandı ","timestamp":"2024-03-22T13:07:02.932Z"}
{"api":"Nodejs Uygulaması Endpointleri","label":"Benim Api","level":"info","message":"::1 den ilgili endpointe  /getAllUser erişim sağlandı ","timestamp":"2024-03-22T13:07:56.383Z"}
{"api":"Nodejs Uygulaması Endpointleri","label":"Benim Api","level":"info","message":"::1 den ilgili endpointe  /getAllUser erişim sağlandı ","timestamp":"2024-03-22T13:08:38.599Z"}
{"api":"Nodejs Uygulaması Endpointleri","label":"Benim Api","level":"info","message":"::1 den ilgili endpointe  /getAllUser erişim sağlandı ","timestamp":"2024-03-22T13:09:03.931Z"}
{"api":"Nodejs Uygulaması Endpointleri","label":"Benim Api","level":"info","message":"::1 den ilgili endpointe  /getAllUser erişim sağlandı ","timestamp":"2024-03-22T13:09:12.766Z"}
{"api":"Nodejs Uygulaması Endpointleri","label":"Benim Api","level":"info","message":"::1 den ilgili endpointe  /getAllUser erişim sağlandı ","timestamp":"2024-03-22T13:10:49.629Z"}
{"api":"Nodejs Uygulaması Endpointleri","label":"Benim Api","level":"info","message":"::1 den ilgili endpointe  /getAllUser erişim sağlandı ","timestamp":"2024-03-22T13:13:08.014Z"}
{"api":"Nodejs Uygulaması Endpointleri","label":"Benim Api","level":"info","message":"::1 den ilgili endpointe  /getAllUser erişim sağlandı ","timestamp":"2024-03-22T13:13:22.090Z"}
{"api":"Nodejs Uygulaması Endpointleri","label":"Benim Api","level":"info","message":"::1 den ilgili endpointe  /getAllUser erişim sağlandı ","timestamp":"2024-03-22T13:15:42.437Z"}
{"api":"Nodejs Uygulaması Endpointleri","label":"Benim Api","level":"info","message":"::1 den ilgili endpointe  /getAllUser erişim sağlandı ","timestamp":"2024-03-22T13:17:49.242Z"}
{"api":"Nodejs Uygulaması Endpointleri","label":"Benim Api","level":"info","message":"::1 den ilgili endpointe  /getAllUser erişim sağlandı ","timestamp":"2024-03-22T13:18:14.609Z"}
{"api":"Nodejs Uygulaması Endpointleri","label":"Benim Api","level":"info","message":"::1 den ilgili endpointe  /getAllUser erişim sağlandı ","timestamp":"2024-03-22T13:18:40.390Z"}
{"api":"Nodejs Uygulaması Endpointleri","label":"Benim Api","level":"info","message":"::1 den ilgili endpointe  /getAllUser erişim sağlandı ","timestamp":"2024-03-22T13:18:55.601Z"}
{"api":"Nodejs Uygulaması Endpointleri","label":"Benim Api","level":"info","message":"::1 den ilgili endpointe  /getAllUser erişim sağlandı ","timestamp":"2024-03-22T13:19:28.257Z"}
{"api":"Nodejs Uygulaması Endpointleri","label":"Benim Api","level":"info","message":"::1 den ilgili endpointe  /getAllUser erişim sağlandı ","timestamp":"2024-03-22T13:19:35.725Z"}
{"api":"Nodejs Uygulaması Endpointleri","label":"Benim Api","level":"info","message":"::1 den ilgili endpointe  /getAllUser erişim sağlandı ","timestamp":"2024-03-22T13:22:01.751Z"}
{"api":"Nodejs Uygulaması Endpointleri","label":"Benim Api","level":"info","message":"::1 den ilgili endpointe  /getAllUser erişim sağlandı ","timestamp":"2024-03-22T13:22:53.231Z"}
{"api":"Nodejs Uygulaması Endpointleri","label":"Benim Api","level":"info","message":"::1 den ilgili endpointe  /getAllUser erişim sağlandı ","timestamp":"2024-03-22T13:23:21.989Z"}
{"api":"Nodejs Uygulaması Endpointleri","label":"Benim Api","level":"info","message":"::1 den ilgili endpointe  /getAllUser erişim sağlandı ","timestamp":"2024-03-22T13:24:14.387Z"}
{"api":"Nodejs Uygulaması Endpointleri","label":"Benim Api","level":"info","message":"::1 den ilgili endpointe  /getAllUser erişim sağlandı ","timestamp":"2024-03-22T13:26:57.520Z"}
{"api":"Nodejs Uygulaması Endpointleri","label":"Benim Api","level":"info","message":"::1 den ilgili endpointe  /getAllUser erişim sağlandı ","timestamp":"2024-03-22T13:27:28.769Z"}
{"api":"Nodejs Uygulaması Endpointleri","label":"Benim Api","level":"info","message":"::1 den ilgili endpointe  /getAllUser erişim sağlandı ","timestamp":"2024-03-22T13:27:40.453Z"}
{"api":"Nodejs Uygulaması Endpointleri","label":"Benim Api","level":"info","message":"::1 den ilgili endpointe  /getAllUser erişim sağlandı ","timestamp":"2024-03-22T13:28:48.966Z"}
{"api":"Nodejs Uygulaması Endpointleri","label":"Benim Api","level":"info","message":"::1 den ilgili endpointe  /createUser erişim sağlandı ","timestamp":"2024-03-22T13:29:22.441Z"}
{"api":"Nodejs Uygulaması Endpointleri","label":"Benim Api","level":"info","message":"::1 den ilgili endpointe  /createUser erişim sağlandı ","timestamp":"2024-03-22T13:29:24.704Z"}
{"api":"Nodejs Uygulaması Endpointleri","label":"Benim Api","level":"info","message":"::1 den ilgili endpointe  /createUser erişim sağlandı ","timestamp":"2024-03-22T13:29:26.821Z"}
{"api":"Nodejs Uygulaması Endpointleri","label":"Benim Api","level":"info","message":"::1 den ilgili endpointe  /getAllUser erişim sağlandı ","timestamp":"2024-03-22T13:29:34.683Z"}
{"api":"Nodejs Uygulaması Endpointleri","label":"Benim Api","level":"info","message":"::1 den ilgili endpointe  /getAllUser erişim sağlandı ","timestamp":"2024-03-22T13:30:47.554Z"}
{"api":"Nodejs Uygulaması Endpointleri","label":"Benim Api","level":"info","message":"::1 den ilgili endpointe  /getAllUser erişim sağlandı ","timestamp":"2024-03-22T13:32:12.968Z"}
{"api":"Nodejs Uygulaması Endpointleri","label":"Benim Api","level":"info","message":"::1 den ilgili endpointe  /getAllUser erişim sağlandı ","timestamp":"2024-03-22T13:32:25.335Z"}
{"api":"Nodejs Uygulaması Endpointleri","label":"Benim Api","level":"info","message":"::1 den ilgili endpointe  /getAllUser erişim sağlandı ","timestamp":"2024-03-22T13:32:28.635Z"}
{"api":"Nodejs Uygulaması Endpointleri","label":"Benim Api","level":"info","message":"::1 den ilgili endpointe  /getAllUser erişim sağlandı ","timestamp":"2024-03-22T13:33:17.830Z"}
{"api":"Nodejs Uygulaması Endpointleri","label":"Benim Api","level":"info","message":"::1 den ilgili endpointe  /createUser erişim sağlandı ","timestamp":"2024-03-22T13:33:39.089Z"}
{"api":"Nodejs Uygulaması Endpointleri","label":"Benim Api","level":"info","message":"::1 den ilgili endpointe  /createUser erişim sağlandı ","timestamp":"2024-03-22T13:33:41.663Z"}
{"api":"Nodejs Uygulaması Endpointleri","label":"Benim Api","level":"info","message":"::1 den ilgili endpointe  /getAllUser erişim sağlandı ","timestamp":"2024-03-22T13:33:46.439Z"}
{"api":"Nodejs Uygulaması Endpointleri","label":"Benim Api","level":"info","message":"::1 den ilgili endpointe  /getAllUser erişim sağlandı ","timestamp":"2024-03-22T13:34:05.111Z"}
{"api":"Nodejs Uygulaması Endpointleri","label":"Benim Api","level":"info","message":"::1 den ilgili endpointe  /getAllUser erişim sağlandı ","timestamp":"2024-03-22T13:34:29.099Z"}
{"api":"Nodejs Uygulaması Endpointleri","label":"Benim Api","level":"info","message":"::1 den ilgili endpointe  /getAllUser erişim sağlandı ","timestamp":"2024-03-22T13:35:29.617Z"}
{"api":"Nodejs Uygulaması Endpointleri","label":"Benim Api","level":"info","message":"::1 den ilgili endpointe  /getAllUser erişim sağlandı ","timestamp":"2024-03-22T13:37:47.148Z"}
{"api":"Nodejs Uygulaması Endpointleri","label":"Benim Api","level":"info","message":"::1 den ilgili endpointe  /getAllUser erişim sağlandı ","timestamp":"2024-03-22T13:38:07.917Z"}
{"api":"Nodejs Uygulaması Endpointleri","label":"Benim Api","level":"info","message":"::1 den ilgili endpointe  /getAllUser erişim sağlandı ","timestamp":"2024-03-22T13:38:39.711Z"}
{"api":"Nodejs Uygulaması Endpointleri","label":"Benim Api","level":"info","message":"::1 den ilgili endpointe  /getAllUser erişim sağlandı ","timestamp":"2024-03-22T13:43:14.518Z"}
{"api":"Nodejs Uygulaması Endpointleri","label":"Benim Api","level":"info","message":"::1 den ilgili endpointe  /getAllUser erişim sağlandı ","timestamp":"2024-03-22T13:43:26.764Z"}
{"api":"Nodejs Uygulaması Endpointleri","label":"Benim Api","level":"info","message":"::1 den ilgili endpointe  /getAllUser erişim sağlandı ","timestamp":"2024-03-22T13:43:52.926Z"}
{"api":"Nodejs Uygulaması Endpointleri","label":"Benim Api","level":"info","message":"::1 den ilgili endpointe  /getAllUser erişim sağlandı ","timestamp":"2024-03-22T13:44:35.883Z"}
{"api":"Nodejs Uygulaması Endpointleri","label":"Benim Api","level":"info","message":"::1 den ilgili endpointe  /getAllUser erişim sağlandı ","timestamp":"2024-03-22T13:44:55.028Z"}
{"api":"Nodejs Uygulaması Endpointleri","label":"Benim Api","level":"info","message":"::1 den ilgili endpointe  /getAllUser erişim sağlandı ","timestamp":"2024-03-22T13:45:50.929Z"}
{"api":"Nodejs Uygulaması Endpointleri","label":"Benim Api","level":"info","message":"::1 den ilgili endpointe  /getAllUser erişim sağlandı ","timestamp":"2024-03-22T13:47:47.174Z"}
{"api":"Nodejs Uygulaması Endpointleri","label":"Benim Api","level":"info","message":"::1 den ilgili endpointe  /getAllUser erişim sağlandı ","timestamp":"2024-03-22T13:49:20.189Z"}
{"api":"Nodejs Uygulaması Endpointleri","label":"Benim Api","level":"info","message":"::1 den ilgili endpointe  /getAllUser erişim sağlandı ","timestamp":"2024-03-22T13:51:06.045Z"}
{"api":"Nodejs Uygulaması Endpointleri","label":"Benim Api","level":"info","message":"::1 den ilgili endpointe  /getAllUser erişim sağlandı ","timestamp":"2024-03-22T13:53:01.271Z"}
{"api":"Nodejs Uygulaması Endpointleri","label":"Benim Api","level":"info","message":"::1 den ilgili endpointe  /getAllUser erişim sağlandı ","timestamp":"2024-03-22T13:53:05.724Z"}
{"api":"Nodejs Uygulaması Endpointleri","label":"Benim Api","level":"info","message":"::1 den ilgili endpointe  /getAllUser erişim sağlandı ","timestamp":"2024-03-22T13:54:44.776Z"}
{"api":"Nodejs Uygulaması Endpointleri","label":"Benim Api","level":"info","message":"::1 den ilgili endpointe  /getAllUser erişim sağlandı ","timestamp":"2024-03-22T13:57:37.339Z"}
{"api":"Nodejs Uygulaması Endpointleri","label":"Benim Api","level":"info","message":"::1 den ilgili endpointe  /getAllUser erişim sağlandı ","timestamp":"2024-03-22T13:59:00.901Z"}
{"api":"Nodejs Uygulaması Endpointleri","label":"Benim Api","level":"info","message":"::1 den ilgili endpointe  /getAllUser erişim sağlandı ","timestamp":"2024-03-22T14:02:02.276Z"}
{"api":"Nodejs Uygulaması Endpointleri","label":"Benim Api","level":"info","message":"::1 den ilgili endpointe  /getAllUser erişim sağlandı ","timestamp":"2024-03-22T14:02:21.183Z"}
{"api":"Nodejs Uygulaması Endpointleri","label":"Benim Api","level":"info","message":"::1 den ilgili endpointe  /getAllUser erişim sağlandı ","timestamp":"2024-03-22T14:03:34.818Z"}
{"api":"Nodejs Uygulaması Endpointleri","label":"Benim Api","level":"info","message":"::1 den ilgili endpointe  /getAllUser erişim sağlandı ","timestamp":"2024-03-22T14:03:53.984Z"}
{"api":"Nodejs Uygulaması Endpointleri","label":"Benim Api","level":"info","message":"::1 den ilgili endpointe  /getAllUser erişim sağlandı ","timestamp":"2024-03-22T14:04:12.252Z"}
{"api":"Nodejs Uygulaması Endpointleri","label":"Benim Api","level":"info","message":"::1 den ilgili endpointe  /getAllUser erişim sağlandı ","timestamp":"2024-03-22T14:04:57.751Z"}
{"api":"Nodejs Uygulaması Endpointleri","label":"Benim Api","level":"info","message":"::1 den ilgili endpointe  /getAllUser erişim sağlandı ","timestamp":"2024-03-22T14:05:55.832Z"}
{"api":"Nodejs Uygulaması Endpointleri","label":"Benim Api","level":"info","message":"::1 den ilgili endpointe  /getAllUser erişim sağlandı ","timestamp":"2024-03-22T14:06:24.336Z"}
{"api":"Nodejs Uygulaması Endpointleri","label":"Benim Api","level":"info","message":"::1 den ilgili endpointe  /getAllUser erişim sağlandı ","timestamp":"2024-03-22T14:08:19.930Z"}
{"api":"Nodejs Uygulaması Endpointleri","label":"Benim Api","level":"info","message":"::1 den ilgili endpointe  /getAllUser erişim sağlandı ","timestamp":"2024-03-22T14:09:06.750Z"}
{"api":"Nodejs Uygulaması Endpointleri","label":"Benim Api","level":"info","message":"::1 den ilgili endpointe  /getAllUser erişim sağlandı ","timestamp":"2024-03-22T14:09:23.484Z"}
{"api":"Nodejs Uygulaması Endpointleri","label":"Benim Api","level":"info","message":"::1 den ilgili endpointe  /getAllUser erişim sağlandı ","timestamp":"2024-03-22T14:12:29.267Z"}
{"api":"Nodejs Uygulaması Endpointleri","label":"Benim Api","level":"info","message":"::1 den ilgili endpointe  /getAllUser erişim sağlandı ","timestamp":"2024-03-22T14:12:54.801Z"}
{"api":"Nodejs Uygulaması Endpointleri","label":"Benim Api","level":"info","message":"::1 den ilgili endpointe  /getAllUser erişim sağlandı ","timestamp":"2024-03-22T14:13:49.816Z"}
{"api":"Nodejs Uygulaması Endpointleri","label":"Benim Api","level":"info","message":"::1 den ilgili endpointe  /getAllUser erişim sağlandı ","timestamp":"2024-03-22T14:14:14.733Z"}
{"api":"Nodejs Uygulaması Endpointleri","label":"Benim Api","level":"info","message":"::1 den ilgili endpointe  /getAllUser erişim sağlandı ","timestamp":"2024-03-22T14:51:47.227Z"}
{"api":"Nodejs Uygulaması Endpointleri","label":"Benim Api","level":"info","message":"::1 den ilgili endpointe  /createUser erişim sağlandı ","timestamp":"2024-03-22T14:52:19.347Z"}
{"api":"Nodejs Uygulaması Endpointleri","label":"Benim Api","level":"info","message":"::1 den ilgili endpointe  /createUser erişim sağlandı ","timestamp":"2024-03-22T14:52:22.018Z"}
{"api":"Nodejs Uygulaması Endpointleri","label":"Benim Api","level":"info","message":"::1 den ilgili endpointe  /getAllUser erişim sağlandı ","timestamp":"2024-03-22T14:52:30.587Z"}
{"api":"Nodejs Uygulaması Endpointleri","label":"Benim Api","level":"info","message":"::1 den ilgili endpointe  /getAllUser erişim sağlandı ","timestamp":"2024-03-22T14:55:12.440Z"}
{"api":"Nodejs Uygulaması Endpointleri","label":"Benim Api","level":"info","message":"::1 den ilgili endpointe  /getAllUser erişim sağlandı ","timestamp":"2024-03-22T14:57:46.814Z"}
{"api":"Nodejs Uygulaması Endpointleri","label":"Benim Api","level":"info","message":"::1 den ilgili endpointe  /getAllUser erişim sağlandı ","timestamp":"2024-03-22T14:58:04.996Z"}
{"api":"Nodejs Uygulaması Endpointleri","label":"Benim Api","level":"info","message":"::1 den ilgili endpointe  /getAllUser erişim sağlandı ","timestamp":"2024-03-22T14:58:37.070Z"}
{"api":"Nodejs Uygulaması Endpointleri","label":"Benim Api","level":"info","message":"::1 den ilgili endpointe  /getAllUser erişim sağlandı ","timestamp":"2024-03-22T14:59:22.820Z"}
{"api":"Nodejs Uygulaması Endpointleri","label":"Benim Api","level":"info","message":"::1 den ilgili endpointe  /getAllUser erişim sağlandı ","timestamp":"2024-03-22T14:59:46.786Z"}
{"api":"Nodejs Uygulaması Endpointleri","label":"Benim Api","level":"info","message":"::1 den ilgili endpointe  /getAllUser erişim sağlandı ","timestamp":"2024-03-22T15:05:17.900Z"}
{"api":"Nodejs Uygulaması Endpointleri","label":"Benim Api","level":"info","message":"::1 den ilgili endpointe  /getAllUser erişim sağlandı ","timestamp":"2024-03-22T15:07:36.309Z"}
{"api":"Nodejs Uygulaması Endpointleri","label":"Benim Api","level":"info","message":"::1 den ilgili endpointe  /getAllUser erişim sağlandı ","timestamp":"2024-03-22T15:09:18.671Z"}
{"api":"Nodejs Uygulaması Endpointleri","label":"Benim Api","level":"info","message":"::1 den ilgili endpointe  /getAllUser erişim sağlandı ","timestamp":"2024-03-22T15:11:34.448Z"}
{"api":"Nodejs Uygulaması Endpointleri","label":"Benim Api","level":"info","message":"::1 den ilgili endpointe  /getAllUser erişim sağlandı ","timestamp":"2024-03-22T15:13:34.842Z"}
{"api":"Nodejs Uygulaması Endpointleri","label":"Benim Api","level":"info","message":"::1 den ilgili endpointe  /getAllUser erişim sağlandı ","timestamp":"2024-03-22T15:15:04.761Z"}
{"api":"Nodejs Uygulaması Endpointleri","label":"Benim Api","level":"info","message":"::1 den ilgili endpointe  /getAllUser erişim sağlandı ","timestamp":"2024-03-22T15:15:38.052Z"}
{"api":"Nodejs Uygulaması Endpointleri","label":"Benim Api","level":"info","message":"::1 den ilgili endpointe  /createUser erişim sağlandı ","timestamp":"2024-03-22T17:33:27.524Z"}
{"api":"Nodejs Uygulaması Endpointleri","label":"Benim Api","level":"info","message":"::1 den ilgili endpointe  /createUser erişim sağlandı ","timestamp":"2024-03-22T17:33:31.122Z"}
{"api":"Nodejs Uygulaması Endpointleri","label":"Benim Api","level":"info","message":"::1 den ilgili endpointe  /createUser erişim sağlandı ","timestamp":"2024-03-22T19:13:31.214Z"}
{"api":"Nodejs Uygulaması Endpointleri","label":"Benim Api","level":"info","message":"::1 den ilgili endpointe  /createUser erişim sağlandı ","timestamp":"2024-03-22T19:13:34.940Z"}
{"api":"Nodejs Uygulaması Endpointleri","label":"Benim Api","level":"info","message":"::1 den ilgili endpointe  /deleteUser/51 erişim sağlandı ","timestamp":"2024-03-22T19:20:55.748Z"}
{"api":"Nodejs Uygulaması Endpointleri","label":"Benim Api","level":"info","message":"::1 den ilgili endpointe  /deleteUser/51 erişim sağlandı ","timestamp":"2024-03-22T19:20:55.798Z"}
{"api":"Nodejs Uygulaması Endpointleri","label":"Benim Api","level":"info","message":"::1 den ilgili endpointe  /deleteUser/52 erişim sağlandı ","timestamp":"2024-03-22T19:21:22.291Z"}
{"api":"Nodejs Uygulaması Endpointleri","label":"Benim Api","level":"info","message":"::1 den ilgili endpointe  /deleteUser/52 erişim sağlandı ","timestamp":"2024-03-22T19:21:22.337Z"}
{"api":"Nodejs Uygulaması Endpointleri","label":"Benim Api","level":"info","message":"::1 den ilgili endpointe  /deleteUser/50 erişim sağlandı ","timestamp":"2024-03-22T19:21:39.639Z"}
{"api":"Nodejs Uygulaması Endpointleri","label":"Benim Api","level":"info","message":"::1 den ilgili endpointe  /createSocialById/49 erişim sağlandı ","timestamp":"2024-03-22T19:30:53.985Z"}
{"api":"Nodejs Uygulaması Endpointleri","label":"Benim Api","level":"info","message":"::1 den ilgili endpointe  /createSocialById/48 erişim sağlandı ","timestamp":"2024-03-22T19:34:38.081Z"}
{"api":"Nodejs Uygulaması Endpointleri","label":"Benim Api","level":"info","message":"::1 den ilgili endpointe  /createSocialById/49 erişim sağlandı ","timestamp":"2024-03-22T19:36:00.404Z"}
{"api":"Nodejs Uygulaması Endpointleri","label":"Benim Api","level":"info","message":"::1 den ilgili endpointe  /createSocialById/49 erişim sağlandı ","timestamp":"2024-03-22T19:37:08.589Z"}
{"api":"Nodejs Uygulaması Endpointleri","label":"Benim Api","level":"info","message":"::1 den ilgili endpointe  /createSocialById/49 erişim sağlandı ","timestamp":"2024-03-22T19:40:21.917Z"}
{"api":"Nodejs Uygulaması Endpointleri","label":"Benim Api","level":"info","message":"::1 den ilgili endpointe  /createSocialById/49 erişim sağlandı ","timestamp":"2024-03-22T19:42:06.960Z"}
{"api":"Nodejs Uygulaması Endpointleri","label":"Benim Api","level":"info","message":"::1 den ilgili endpointe  /getAllSocialById/49 erişim sağlandı ","timestamp":"2024-03-22T19:43:02.527Z"}
{"api":"Nodejs Uygulaması Endpointleri","label":"Benim Api","level":"info","message":"::1 den ilgili endpointe  /getAllSocialById/49 erişim sağlandı ","timestamp":"2024-03-22T19:47:26.081Z"}
{"api":"Nodejs Uygulaması Endpointleri","label":"Benim Api","level":"info","message":"::1 den ilgili endpointe  /getAllSocialById/49 erişim sağlandı ","timestamp":"2024-03-22T19:48:02.244Z"}
{"api":"Nodejs Uygulaması Endpointleri","label":"Benim Api","level":"info","message":"::1 den ilgili endpointe  /createSocialById/49 erişim sağlandı ","timestamp":"2024-03-22T19:48:50.668Z"}
{"api":"Nodejs Uygulaması Endpointleri","label":"Benim Api","level":"info","message":"::1 den ilgili endpointe  /createSocialById/49 erişim sağlandı ","timestamp":"2024-03-22T19:48:53.499Z"}
{"api":"Nodejs Uygulaması Endpointleri","label":"Benim Api","level":"info","message":"::1 den ilgili endpointe  /createSocialById/49 erişim sağlandı ","timestamp":"2024-03-22T19:48:56.221Z"}
{"api":"Nodejs Uygulaması Endpointleri","label":"Benim Api","level":"info","message":"::1 den ilgili endpointe  /getAllSocialById/49 erişim sağlandı ","timestamp":"2024-03-22T19:49:05.374Z"}
{"api":"Nodejs Uygulaması Endpointleri","label":"Benim Api","level":"info","message":"::1 den ilgili endpointe  /getAllSocialById/49 erişim sağlandı ","timestamp":"2024-03-22T19:49:11.459Z"}
{"api":"Nodejs Uygulaması Endpointleri","label":"Benim Api","level":"info","message":"::1 den ilgili endpointe  /createSocialById/49 erişim sağlandı ","timestamp":"2024-03-22T19:52:27.591Z"}
{"api":"Nodejs Uygulaması Endpointleri","label":"Benim Api","level":"info","message":"::1 den ilgili endpointe  /createSocialById/49 erişim sağlandı ","timestamp":"2024-03-22T19:54:39.693Z"}
{"api":"Nodejs Uygulaması Endpointleri","label":"Benim Api","level":"info","message":"::1 den ilgili endpointe  /createSocialById/49 erişim sağlandı ","timestamp":"2024-03-22T19:54:43.239Z"}
{"api":"Nodejs Uygulaması Endpointleri","label":"Benim Api","level":"info","message":"::1 den ilgili endpointe  /createSocialById/49 erişim sağlandı ","timestamp":"2024-03-22T19:54:45.876Z"}
{"api":"Nodejs Uygulaması Endpointleri","label":"Benim Api","level":"info","message":"::1 den ilgili endpointe  /getAllSocialById/49 erişim sağlandı ","timestamp":"2024-03-22T19:55:21.872Z"}
{"api":"Nodejs Uygulaması Endpointleri","label":"Benim Api","level":"info","message":"::1 den ilgili endpointe  /getAllSocialById/49 erişim sağlandı ","timestamp":"2024-03-22T20:10:00.835Z"}
{"api":"Nodejs Uygulaması Endpointleri","label":"Benim Api","level":"info","message":"::1 den ilgili endpointe  /getAllSocialById/49 erişim sağlandı ","timestamp":"2024-03-22T20:14:11.404Z"}
{"api":"Nodejs Uygulaması Endpointleri","label":"Benim Api","level":"info","message":"::1 den ilgili endpointe  /createSocialById/48 erişim sağlandı ","timestamp":"2024-03-22T20:14:44.839Z"}
{"api":"Nodejs Uygulaması Endpointleri","label":"Benim Api","level":"info","message":"::1 den ilgili endpointe  /getAllSocialById/48 erişim sağlandı ","timestamp":"2024-03-22T20:15:04.339Z"}
{"api":"Nodejs Uygulaması Endpointleri","label":"Benim Api","level":"info","message":"::1 den ilgili endpointe  /getAllSocialById/49 erişim sağlandı ","timestamp":"2024-03-22T20:15:10.377Z"}
{"api":"Nodejs Uygulaması Endpointleri","label":"Benim Api","level":"info","message":"::1 den ilgili endpointe  /getAllSocial erişim sağlandı ","timestamp":"2024-03-22T20:24:20.047Z"}
{"api":"Nodejs Uygulaması Endpointleri","label":"Benim Api","level":"info","message":"::1 den ilgili endpointe  /getAllSocial erişim sağlandı ","timestamp":"2024-03-22T20:30:09.465Z"}
{"api":"Nodejs Uygulaması Endpointleri","label":"Benim Api","level":"info","message":"::1 den ilgili endpointe  /getAllSocial erişim sağlandı ","timestamp":"2024-03-22T20:41:05.049Z"}
{"api":"Nodejs Uygulaması Endpointleri","label":"Benim Api","level":"info","message":"::1 den ilgili endpointe  /getAllSocial erişim sağlandı ","timestamp":"2024-03-22T20:41:51.329Z"}
{"api":"Nodejs Uygulaması Endpointleri","label":"Benim Api","level":"info","message":"::1 den ilgili endpointe  /getAllSocialById/49 erişim sağlandı ","timestamp":"2024-03-22T20:42:20.596Z"}
{"api":"Nodejs Uygulaması Endpointleri","label":"Benim Api","level":"info","message":"::1 den ilgili endpointe  /getAllSocialById/48 erişim sağlandı ","timestamp":"2024-03-22T20:42:46.290Z"}
{"api":"Nodejs Uygulaması Endpointleri","label":"Benim Api","level":"info","message":"::1 den ilgili endpointe  /getAllSocialById/48 erişim sağlandı ","timestamp":"2024-03-22T20:45:26.406Z"}
{"api":"Nodejs Uygulaması Endpointleri","label":"Benim Api","level":"info","message":"::1 den ilgili endpointe  /getAllSocialById/48 erişim sağlandı ","timestamp":"2024-03-22T20:45:40.012Z"}
{"api":"Nodejs Uygulaması Endpointleri","label":"Benim Api","level":"info","message":"::1 den ilgili endpointe  /getAllUser erişim sağlandı ","timestamp":"2024-03-22T20:48:21.581Z"}
{"api":"Nodejs Uygulaması Endpointleri","label":"Benim Api","level":"info","message":"::1 den ilgili endpointe  /getAllUser erişim sağlandı ","timestamp":"2024-03-22T20:48:28.345Z"}
