{"api":"Nodejs Uygulaması Endpointleri","label":"Benim Api","level":"info","message":"::1 den ilgili endpointe  /getAllUser erişim sağlandı ","timestamp":"2024-04-27T21:31:05.210Z"}
{"api":"Nodejs Uygulaması Endpointleri","label":"Benim Api","level":"info","message":"::1 den ilgili endpointe  /getAllUser erişim sağlandı ","timestamp":"2024-04-27T21:31:24.965Z"}
{"api":"Nodejs Uygulaması Endpointleri","label":"Benim Api","level":"info","message":"::1 den ilgili endpointe  /getAllUser erişim sağlandı ","timestamp":"2024-04-27T21:35:23.368Z"}
{"api":"Nodejs Uygulaması Endpointleri","label":"Benim Api","level":"error","message":"::1 den ilgili endpointe  /getAllUser erişim sağlandı hata alındı hata bilgileri ReferenceError: User is not defined ","timestamp":"2024-04-27T21:46:11.375Z"}
{"api":"Nodejs Uygulaması Endpointleri","label":"Benim Api","level":"info","message":"::1 den ilgili endpointe  /getAllUser erişim sağlandı ","timestamp":"2024-04-27T21:46:19.346Z"}
{"api":"Nodejs Uygulaması Endpointleri","label":"Benim Api","level":"info","message":"::1 den ilgili endpointe  /getAllUser erişim sağlandı ","timestamp":"2024-04-27T21:46:25.461Z"}
{"api":"Nodejs Uygulaması Endpointleri","label":"Benim Api","level":"error","message":"::1 den ilgili endpointe  /getAllUser erişim sağlandı hata alındı hata bilgileri ReferenceError: User is not defined ","timestamp":"2024-04-27T21:46:34.179Z"}
{"api":"Nodejs Uygulaması Endpointleri","label":"Benim Api","level":"info","message":"::1 den ilgili endpointe  /getAllUser erişim sağlandı ","timestamp":"2024-04-27T21:50:16.103Z"}
{"api":"Nodejs Uygulaması Endpointleri","label":"Benim Api","level":"info","message":"::1 den ilgili endpointe  /getUserById/12 erişim sağlandı ","timestamp":"2024-04-27T21:50:24.456Z"}
{"api":"Nodejs Uygulaması Endpointleri","label":"Benim Api","level":"info","message":"::1 den ilgili endpointe  /getUserById/12 erişim sağlandı ","timestamp":"2024-04-27T21:50:33.137Z"}
{"api":"Nodejs Uygulaması Endpointleri","label":"Benim Api","level":"error","message":"::1 den ilgili endpointe  /getAllUser erişim sağlandı hata alındı hata bilgileri ReferenceError: User is not defined ","timestamp":"2024-04-27T21:52:39.972Z"}
{"api":"Nodejs Uygulaması Endpointleri","label":"Benim Api","level":"info","message":"::1 den ilgili endpointe  /getAllUser erişim sağlandı ","timestamp":"2024-04-27T21:52:45.067Z"}
{"api":"Nodejs Uygulaması Endpointleri","label":"Benim Api","level":"error","message":"::1 den ilgili endpointe  /getAllUser erişim sağlandı hata alındı hata bilgileri ReferenceError: User is not defined ","timestamp":"2024-04-27T21:53:33.241Z"}
{"api":"Nodejs Uygulaması Endpointleri","label":"Benim Api","level":"error","message":"::1 den ilgili endpointe  /getAllUser erişim sağlandı hata alındı hata bilgileri ReferenceError: User is not defined ","timestamp":"2024-04-27T21:54:21.938Z"}
{"api":"Nodejs Uygulaması Endpointleri","label":"Benim Api","level":"error","message":"::1 den ilgili endpointe  /getAllUser erişim sağlandı hata alındı hata bilgileri ReferenceError: User is not defined ","timestamp":"2024-04-27T21:54:51.456Z"}
{"api":"Nodejs Uygulaması Endpointleri","label":"Benim Api","level":"error","message":"::1 den ilgili endpointe  /getAllUser erişim sağlandı hata alındı hata bilgileri ReferenceError: User is not defined ","timestamp":"2024-04-27T21:55:28.740Z"}
{"api":"Nodejs Uygulaması Endpointleri","label":"Benim Api","level":"info","message":"::1 den ilgili endpointe  /getAllUser erişim sağlandı ","timestamp":"2024-04-27T21:55:50.883Z"}
{"api":"Nodejs Uygulaması Endpointleri","label":"Benim Api","level":"info","message":"::1 den ilgili endpointe  /getAllUser erişim sağlandı ","timestamp":"2024-04-27T21:56:10.437Z"}
{"api":"Nodejs Uygulaması Endpointleri","label":"Benim Api","level":"error","message":"::1 den ilgili endpointe  /getAllUser erişim sağlandı hata alındı hata bilgileri ReferenceError: User is not defined ","timestamp":"2024-04-27T22:00:15.020Z"}
{"api":"Nodejs Uygulaması Endpointleri","label":"Benim Api","level":"info","message":"::1 den ilgili endpointe  /getAllUser erişim sağlandı ","timestamp":"2024-04-27T22:03:42.602Z"}
{"api":"Nodejs Uygulaması Endpointleri","label":"Benim Api","level":"info","message":"::1 den ilgili endpointe  /getAllUser erişim sağlandı ","timestamp":"2024-04-27T22:04:25.294Z"}
{"api":"Nodejs Uygulaması Endpointleri","label":"Benim Api","level":"info","message":"::1 den ilgili endpointe  /createUser erişim sağlandı ","timestamp":"2024-04-27T22:05:14.390Z"}
{"api":"Nodejs Uygulaması Endpointleri","label":"Benim Api","level":"info","message":"::1 den ilgili endpointe  /getAllUser erişim sağlandı ","timestamp":"2024-04-27T22:05:28.244Z"}
{"api":"Nodejs Uygulaması Endpointleri","label":"Benim Api","level":"info","message":"::1 den ilgili endpointe  /getUserById/13 erişim sağlandı ","timestamp":"2024-04-27T22:05:39.618Z"}
{"api":"Nodejs Uygulaması Endpointleri","label":"Benim Api","level":"info","message":"::1 den ilgili endpointe  /getUserById/15 erişim sağlandı ","timestamp":"2024-04-27T22:06:41.047Z"}
{"api":"Nodejs Uygulaması Endpointleri","label":"Benim Api","level":"info","message":"::1 den ilgili endpointe  /getUserById/14 erişim sağlandı ","timestamp":"2024-04-27T22:06:44.717Z"}
{"api":"Nodejs Uygulaması Endpointleri","label":"Benim Api","level":"info","message":"::1 den ilgili endpointe  /deleteUser/14 erişim sağlandı ","timestamp":"2024-04-27T22:06:57.276Z"}
{"api":"Nodejs Uygulaması Endpointleri","label":"Benim Api","level":"info","message":"::1 den ilgili endpointe  /deleteUser/14 erişim sağlandı ","timestamp":"2024-04-27T22:06:57.321Z"}
{"api":"Nodejs Uygulaması Endpointleri","label":"Benim Api","level":"info","message":"::1 den ilgili endpointe  /getAllUser erişim sağlandı ","timestamp":"2024-04-27T22:07:10.898Z"}
{"api":"Nodejs Uygulaması Endpointleri","label":"Benim Api","level":"info","message":"::1 den ilgili endpointe  /getAllUser erişim sağlandı ","timestamp":"2024-04-27T22:08:37.344Z"}
{"api":"Nodejs Uygulaması Endpointleri","label":"Benim Api","level":"info","message":"::1 den ilgili endpointe  /getUserById/13 erişim sağlandı ","timestamp":"2024-04-27T22:09:09.669Z"}
{"api":"Nodejs Uygulaması Endpointleri","label":"Benim Api","level":"info","message":"::1 den ilgili endpointe  /getUserById/14 erişim sağlandı ","timestamp":"2024-04-27T22:13:40.482Z"}
{"api":"Nodejs Uygulaması Endpointleri","label":"Benim Api","level":"info","message":"::1 den ilgili endpointe  /getAllUser erişim sağlandı ","timestamp":"2024-04-27T22:13:49.800Z"}
{"api":"Nodejs Uygulaması Endpointleri","label":"Benim Api","level":"info","message":"::1 den ilgili endpointe  /getAllSocialById/13 erişim sağlandı ","timestamp":"2024-04-27T22:26:10.431Z"}
{"api":"Nodejs Uygulaması Endpointleri","label":"Benim Api","level":"info","message":"::1 den ilgili endpointe  /getAllUser erişim sağlandı ","timestamp":"2024-04-27T22:26:20.329Z"}
{"api":"Nodejs Uygulaması Endpointleri","label":"Benim Api","level":"info","message":"::1 den ilgili endpointe  /getAllUser erişim sağlandı ","timestamp":"2024-04-27T23:32:58.897Z"}
