{"api":"Nodejs Uygulaması Endpointleri","label":"Benim Api","level":"info","message":"::1 den ilgili endpointe  /getAllSocial erişim sağlandı ","timestamp":"2024-03-22T21:03:39.907Z"}
{"api":"Nodejs Uygulaması Endpointleri","label":"Benim Api","level":"info","message":"::1 den ilgili endpointe  /deleteSocialById/49/16 erişim sağlandı ","timestamp":"2024-03-22T21:04:18.209Z"}
{"api":"Nodejs Uygulaması Endpointleri","label":"Benim Api","level":"error","message":"::1 den ilgili endpointe  /deleteSocialById/49/16 erişim sağlandı hata alındı hata bilgileri TypeError: Converting circular structure to JSON\n    --> starting at object with constructor 'Sequelize'\n    |     property 'dialect' -> object with constructor 'PostgresDialect'\n    --- property 'sequelize' closes the circle ","timestamp":"2024-03-22T21:04:18.212Z"}
{"api":"Nodejs Uygulaması Endpointleri","label":"Benim Api","level":"info","message":"::1 den ilgili endpointe  /deleteSocialById/49/16 erişim sağlandı ","timestamp":"2024-03-22T21:05:45.824Z"}
{"api":"Nodejs Uygulaması Endpointleri","label":"Benim Api","level":"error","message":"::1 den ilgili endpointe  /deleteSocialById/49/16 erişim sağlandı hata alındı hata bilgileri TypeError: Converting circular structure to JSON\n    --> starting at object with constructor 'Sequelize'\n    |     property 'dialect' -> object with constructor 'PostgresDialect'\n    --- property 'sequelize' closes the circle ","timestamp":"2024-03-22T21:05:45.829Z"}
{"api":"Nodejs Uygulaması Endpointleri","label":"Benim Api","level":"info","message":"::1 den ilgili endpointe  /deleteSocialById/49/16 erişim sağlandı ","timestamp":"2024-03-22T21:09:17.612Z"}
{"api":"Nodejs Uygulaması Endpointleri","label":"Benim Api","level":"error","message":"::1 den ilgili endpointe  /deleteSocialById/49/16 erişim sağlandı hata alındı hata bilgileri TypeError: Converting circular structure to JSON\n    --> starting at object with constructor 'Sequelize'\n    |     property 'dialect' -> object with constructor 'PostgresDialect'\n    --- property 'sequelize' closes the circle ","timestamp":"2024-03-22T21:09:17.617Z"}
{"api":"Nodejs Uygulaması Endpointleri","label":"Benim Api","level":"info","message":"::1 den ilgili endpointe  /deleteSocialById/49/16 erişim sağlandı ","timestamp":"2024-03-22T21:10:52.982Z"}
{"api":"Nodejs Uygulaması Endpointleri","label":"Benim Api","level":"error","message":"::1 den ilgili endpointe  /deleteSocialById/49/16 erişim sağlandı hata alındı hata bilgileri TypeError: Converting circular structure to JSON\n    --> starting at object with constructor 'Sequelize'\n    |     property 'dialect' -> object with constructor 'PostgresDialect'\n    --- property 'sequelize' closes the circle ","timestamp":"2024-03-22T21:10:52.988Z"}
{"api":"Nodejs Uygulaması Endpointleri","label":"Benim Api","level":"info","message":"::1 den ilgili endpointe  /deleteSocialById/49/16 erişim sağlandı ","timestamp":"2024-03-22T21:12:29.454Z"}
{"api":"Nodejs Uygulaması Endpointleri","label":"Benim Api","level":"error","message":"::1 den ilgili endpointe  /deleteSocialById/49/16 erişim sağlandı hata alındı hata bilgileri TypeError: Converting circular structure to JSON\n    --> starting at object with constructor 'Sequelize'\n    |     property 'dialect' -> object with constructor 'PostgresDialect'\n    --- property 'sequelize' closes the circle ","timestamp":"2024-03-22T21:12:29.459Z"}
{"api":"Nodejs Uygulaması Endpointleri","label":"Benim Api","level":"info","message":"::1 den ilgili endpointe  /deleteSocialById/49/11 erişim sağlandı ","timestamp":"2024-03-22T21:18:24.345Z"}
{"api":"Nodejs Uygulaması Endpointleri","label":"Benim Api","level":"info","message":"::1 den ilgili endpointe  /deleteSocialById/49/10 erişim sağlandı ","timestamp":"2024-03-22T21:19:44.962Z"}
{"api":"Nodejs Uygulaması Endpointleri","label":"Benim Api","level":"info","message":"::1 den ilgili endpointe  /deleteSocialById/49/10 erişim sağlandı ","timestamp":"2024-03-22T21:20:26.113Z"}
{"api":"Nodejs Uygulaması Endpointleri","label":"Benim Api","level":"info","message":"::1 den ilgili endpointe  /createUser erişim sağlandı ","timestamp":"2024-03-22T21:23:12.082Z"}
{"api":"Nodejs Uygulaması Endpointleri","label":"Benim Api","level":"info","message":"::1 den ilgili endpointe  /createUser erişim sağlandı ","timestamp":"2024-03-22T21:23:14.711Z"}
{"api":"Nodejs Uygulaması Endpointleri","label":"Benim Api","level":"info","message":"::1 den ilgili endpointe  /createUser erişim sağlandı ","timestamp":"2024-03-22T21:23:15.146Z"}
{"api":"Nodejs Uygulaması Endpointleri","label":"Benim Api","level":"info","message":"::1 den ilgili endpointe  /createUser erişim sağlandı ","timestamp":"2024-03-22T21:23:15.529Z"}
{"api":"Nodejs Uygulaması Endpointleri","label":"Benim Api","level":"info","message":"::1 den ilgili endpointe  /createUser erişim sağlandı ","timestamp":"2024-03-22T21:23:15.898Z"}
{"api":"Nodejs Uygulaması Endpointleri","label":"Benim Api","level":"info","message":"::1 den ilgili endpointe  /createUser erişim sağlandı ","timestamp":"2024-03-22T21:23:16.243Z"}
{"api":"Nodejs Uygulaması Endpointleri","label":"Benim Api","level":"info","message":"::1 den ilgili endpointe  /createUser erişim sağlandı ","timestamp":"2024-03-22T21:23:16.583Z"}
{"api":"Nodejs Uygulaması Endpointleri","label":"Benim Api","level":"info","message":"::1 den ilgili endpointe  /createUser erişim sağlandı ","timestamp":"2024-03-22T21:23:16.949Z"}
{"api":"Nodejs Uygulaması Endpointleri","label":"Benim Api","level":"info","message":"::1 den ilgili endpointe  /createUser erişim sağlandı ","timestamp":"2024-03-22T21:23:17.402Z"}
{"api":"Nodejs Uygulaması Endpointleri","label":"Benim Api","level":"info","message":"::1 den ilgili endpointe  /createUser erişim sağlandı ","timestamp":"2024-03-22T21:23:37.916Z"}
{"api":"Nodejs Uygulaması Endpointleri","label":"Benim Api","level":"info","message":"::1 den ilgili endpointe  /createSocialById/10 erişim sağlandı ","timestamp":"2024-03-22T21:24:07.751Z"}
{"api":"Nodejs Uygulaması Endpointleri","label":"Benim Api","level":"info","message":"::1 den ilgili endpointe  /createSocialById/10 erişim sağlandı ","timestamp":"2024-03-22T21:24:09.779Z"}
{"api":"Nodejs Uygulaması Endpointleri","label":"Benim Api","level":"info","message":"::1 den ilgili endpointe  /createSocialById/10 erişim sağlandı ","timestamp":"2024-03-22T21:24:10.028Z"}
{"api":"Nodejs Uygulaması Endpointleri","label":"Benim Api","level":"info","message":"::1 den ilgili endpointe  /createSocialById/10 erişim sağlandı ","timestamp":"2024-03-22T21:24:10.319Z"}
{"api":"Nodejs Uygulaması Endpointleri","label":"Benim Api","level":"info","message":"::1 den ilgili endpointe  /createSocialById/10 erişim sağlandı ","timestamp":"2024-03-22T21:24:10.822Z"}
{"api":"Nodejs Uygulaması Endpointleri","label":"Benim Api","level":"info","message":"::1 den ilgili endpointe  /createSocialById/10 erişim sağlandı ","timestamp":"2024-03-22T21:24:11.103Z"}
{"api":"Nodejs Uygulaması Endpointleri","label":"Benim Api","level":"info","message":"::1 den ilgili endpointe  /createSocialById/10 erişim sağlandı ","timestamp":"2024-03-22T21:24:11.410Z"}
{"api":"Nodejs Uygulaması Endpointleri","label":"Benim Api","level":"info","message":"::1 den ilgili endpointe  /createSocialById/10 erişim sağlandı ","timestamp":"2024-03-22T21:24:11.711Z"}
{"api":"Nodejs Uygulaması Endpointleri","label":"Benim Api","level":"info","message":"::1 den ilgili endpointe  /createSocialById/10 erişim sağlandı ","timestamp":"2024-03-22T21:24:12.212Z"}
{"api":"Nodejs Uygulaması Endpointleri","label":"Benim Api","level":"info","message":"::1 den ilgili endpointe  /createSocialById/10 erişim sağlandı ","timestamp":"2024-03-22T21:24:22.103Z"}
{"api":"Nodejs Uygulaması Endpointleri","label":"Benim Api","level":"info","message":"::1 den ilgili endpointe  /createSocialById/10 erişim sağlandı ","timestamp":"2024-03-22T21:25:14.936Z"}
{"api":"Nodejs Uygulaması Endpointleri","label":"Benim Api","level":"info","message":"::1 den ilgili endpointe  /getAllUser erişim sağlandı ","timestamp":"2024-03-22T21:25:48.968Z"}
{"api":"Nodejs Uygulaması Endpointleri","label":"Benim Api","level":"info","message":"::1 den ilgili endpointe  /getAllSocial erişim sağlandı ","timestamp":"2024-03-22T21:25:54.032Z"}
{"api":"Nodejs Uygulaması Endpointleri","label":"Benim Api","level":"info","message":"::1 den ilgili endpointe  /getAllSocial erişim sağlandı ","timestamp":"2024-03-22T21:26:28.273Z"}
{"api":"Nodejs Uygulaması Endpointleri","label":"Benim Api","level":"info","message":"::1 den ilgili endpointe  /getAllUser erişim sağlandı ","timestamp":"2024-03-22T21:26:47.683Z"}
{"api":"Nodejs Uygulaması Endpointleri","label":"Benim Api","level":"info","message":"::1 den ilgili endpointe  /getAllSocial erişim sağlandı ","timestamp":"2024-03-22T21:27:13.446Z"}
{"api":"Nodejs Uygulaması Endpointleri","label":"Benim Api","level":"info","message":"::1 den ilgili endpointe  /createUser erişim sağlandı ","timestamp":"2024-03-22T21:27:51.712Z"}
{"api":"Nodejs Uygulaması Endpointleri","label":"Benim Api","level":"info","message":"::1 den ilgili endpointe  /createSocialById/11 erişim sağlandı ","timestamp":"2024-03-22T21:28:42.575Z"}
{"api":"Nodejs Uygulaması Endpointleri","label":"Benim Api","level":"info","message":"::1 den ilgili endpointe  /deleteSocialById/11/10/ erişim sağlandı ","timestamp":"2024-03-22T21:30:21.430Z"}
{"api":"Nodejs Uygulaması Endpointleri","label":"Benim Api","level":"info","message":"::1 den ilgili endpointe  /deleteSocialById/10/11/ erişim sağlandı ","timestamp":"2024-03-22T21:31:04.482Z"}
{"api":"Nodejs Uygulaması Endpointleri","label":"Benim Api","level":"info","message":"::1 den ilgili endpointe  /getAllSocial erişim sağlandı ","timestamp":"2024-03-22T21:32:35.980Z"}
{"api":"Nodejs Uygulaması Endpointleri","label":"Benim Api","level":"info","message":"::1 den ilgili endpointe  /getAllSocial erişim sağlandı ","timestamp":"2024-03-22T21:32:55.625Z"}
{"api":"Nodejs Uygulaması Endpointleri","label":"Benim Api","level":"info","message":"::1 den ilgili endpointe  /getAllUser erişim sağlandı ","timestamp":"2024-03-22T21:33:05.421Z"}
{"api":"Nodejs Uygulaması Endpointleri","label":"Benim Api","level":"info","message":"::1 den ilgili endpointe  /getAllUser erişim sağlandı ","timestamp":"2024-03-22T21:33:37.553Z"}
{"api":"Nodejs Uygulaması Endpointleri","label":"Benim Api","level":"info","message":"::1 den ilgili endpointe  /getAllSocial erişim sağlandı ","timestamp":"2024-03-22T21:33:45.162Z"}
{"api":"Nodejs Uygulaması Endpointleri","label":"Benim Api","level":"info","message":"::1 den ilgili endpointe  /createUser erişim sağlandı ","timestamp":"2024-03-22T21:36:01.134Z"}
{"api":"Nodejs Uygulaması Endpointleri","label":"Benim Api","level":"info","message":"::1 den ilgili endpointe  /createUser erişim sağlandı ","timestamp":"2024-03-22T21:36:01.590Z"}
{"api":"Nodejs Uygulaması Endpointleri","label":"Benim Api","level":"info","message":"::1 den ilgili endpointe  /createUser erişim sağlandı ","timestamp":"2024-03-22T21:36:02.066Z"}
{"api":"Nodejs Uygulaması Endpointleri","label":"Benim Api","level":"info","message":"::1 den ilgili endpointe  /createUser erişim sağlandı ","timestamp":"2024-03-22T21:36:02.459Z"}
{"api":"Nodejs Uygulaması Endpointleri","label":"Benim Api","level":"info","message":"::1 den ilgili endpointe  /createUser erişim sağlandı ","timestamp":"2024-03-22T21:36:02.854Z"}
{"api":"Nodejs Uygulaması Endpointleri","label":"Benim Api","level":"info","message":"::1 den ilgili endpointe  /createUser erişim sağlandı ","timestamp":"2024-03-22T21:36:03.226Z"}
{"api":"Nodejs Uygulaması Endpointleri","label":"Benim Api","level":"info","message":"::1 den ilgili endpointe  /createUser erişim sağlandı ","timestamp":"2024-03-22T21:36:03.594Z"}
{"api":"Nodejs Uygulaması Endpointleri","label":"Benim Api","level":"info","message":"::1 den ilgili endpointe  /createUser erişim sağlandı ","timestamp":"2024-03-22T21:36:03.932Z"}
{"api":"Nodejs Uygulaması Endpointleri","label":"Benim Api","level":"info","message":"::1 den ilgili endpointe  /createUser erişim sağlandı ","timestamp":"2024-03-22T21:36:04.339Z"}
{"api":"Nodejs Uygulaması Endpointleri","label":"Benim Api","level":"info","message":"::1 den ilgili endpointe  /createUser erişim sağlandı ","timestamp":"2024-03-22T21:36:04.744Z"}
{"api":"Nodejs Uygulaması Endpointleri","label":"Benim Api","level":"info","message":"::1 den ilgili endpointe  /createUser erişim sağlandı ","timestamp":"2024-03-22T21:36:05.206Z"}
{"api":"Nodejs Uygulaması Endpointleri","label":"Benim Api","level":"info","message":"::1 den ilgili endpointe  /createSocialById/1 erişim sağlandı ","timestamp":"2024-03-22T21:36:23.465Z"}
{"api":"Nodejs Uygulaması Endpointleri","label":"Benim Api","level":"info","message":"::1 den ilgili endpointe  /createSocialById/1 erişim sağlandı ","timestamp":"2024-03-22T21:36:25.119Z"}
{"api":"Nodejs Uygulaması Endpointleri","label":"Benim Api","level":"info","message":"::1 den ilgili endpointe  /createSocialById/1 erişim sağlandı ","timestamp":"2024-03-22T21:36:25.509Z"}
{"api":"Nodejs Uygulaması Endpointleri","label":"Benim Api","level":"info","message":"::1 den ilgili endpointe  /createSocialById/1 erişim sağlandı ","timestamp":"2024-03-22T21:36:25.892Z"}
{"api":"Nodejs Uygulaması Endpointleri","label":"Benim Api","level":"info","message":"::1 den ilgili endpointe  /createSocialById/1 erişim sağlandı ","timestamp":"2024-03-22T21:36:26.299Z"}
{"api":"Nodejs Uygulaması Endpointleri","label":"Benim Api","level":"info","message":"::1 den ilgili endpointe  /createSocialById/1 erişim sağlandı ","timestamp":"2024-03-22T21:36:26.670Z"}
{"api":"Nodejs Uygulaması Endpointleri","label":"Benim Api","level":"info","message":"::1 den ilgili endpointe  /createSocialById/1 erişim sağlandı ","timestamp":"2024-03-22T21:36:26.989Z"}
{"api":"Nodejs Uygulaması Endpointleri","label":"Benim Api","level":"info","message":"::1 den ilgili endpointe  /createSocialById/1 erişim sağlandı ","timestamp":"2024-03-22T21:36:27.252Z"}
{"api":"Nodejs Uygulaması Endpointleri","label":"Benim Api","level":"info","message":"::1 den ilgili endpointe  /createSocialById/1 erişim sağlandı ","timestamp":"2024-03-22T21:36:27.573Z"}
{"api":"Nodejs Uygulaması Endpointleri","label":"Benim Api","level":"info","message":"::1 den ilgili endpointe  /createSocialById/1 erişim sağlandı ","timestamp":"2024-03-22T21:36:27.866Z"}
{"api":"Nodejs Uygulaması Endpointleri","label":"Benim Api","level":"info","message":"::1 den ilgili endpointe  /createSocialById/1 erişim sağlandı ","timestamp":"2024-03-22T21:36:28.195Z"}
{"api":"Nodejs Uygulaması Endpointleri","label":"Benim Api","level":"info","message":"::1 den ilgili endpointe  /createUser erişim sağlandı ","timestamp":"2024-03-22T21:37:17.771Z"}
{"api":"Nodejs Uygulaması Endpointleri","label":"Benim Api","level":"info","message":"::1 den ilgili endpointe  /createUser erişim sağlandı ","timestamp":"2024-03-22T21:37:22.144Z"}
{"api":"Nodejs Uygulaması Endpointleri","label":"Benim Api","level":"info","message":"::1 den ilgili endpointe  /createSocialById/12 erişim sağlandı ","timestamp":"2024-03-22T21:37:46.073Z"}
{"api":"Nodejs Uygulaması Endpointleri","label":"Benim Api","level":"info","message":"::1 den ilgili endpointe  /createSocialById/12 erişim sağlandı ","timestamp":"2024-03-22T21:37:50.339Z"}
{"api":"Nodejs Uygulaması Endpointleri","label":"Benim Api","level":"info","message":"::1 den ilgili endpointe  /createSocialById/13 erişim sağlandı ","timestamp":"2024-03-22T21:38:05.116Z"}
{"api":"Nodejs Uygulaması Endpointleri","label":"Benim Api","level":"info","message":"::1 den ilgili endpointe  /updateData/12/13 erişim sağlandı ","timestamp":"2024-03-22T21:39:38.210Z"}
{"api":"Nodejs Uygulaması Endpointleri","label":"Benim Api","level":"info","message":"::1 den ilgili endpointe  /getAllUser erişim sağlandı ","timestamp":"2024-03-22T21:40:41.261Z"}
{"api":"Nodejs Uygulaması Endpointleri","label":"Benim Api","level":"info","message":"::1 den ilgili endpointe  /getAllSocial erişim sağlandı ","timestamp":"2024-03-22T21:40:48.115Z"}
{"api":"Nodejs Uygulaması Endpointleri","label":"Benim Api","level":"info","message":"::1 den ilgili endpointe  /updateData/12/13 erişim sağlandı ","timestamp":"2024-03-22T21:41:37.029Z"}
{"api":"Nodejs Uygulaması Endpointleri","label":"Benim Api","level":"info","message":"::1 den ilgili endpointe  /updateData/12/13 erişim sağlandı ","timestamp":"2024-03-22T21:42:35.150Z"}
{"api":"Nodejs Uygulaması Endpointleri","label":"Benim Api","level":"info","message":"::1 den ilgili endpointe  /updateData/12/13 erişim sağlandı ","timestamp":"2024-03-22T21:46:45.673Z"}
{"api":"Nodejs Uygulaması Endpointleri","label":"Benim Api","level":"info","message":"::1 den ilgili endpointe  /updateData/12/13 erişim sağlandı ","timestamp":"2024-03-22T21:49:30.488Z"}
{"api":"Nodejs Uygulaması Endpointleri","label":"Benim Api","level":"info","message":"::1 den ilgili endpointe  /updateData/12/13 erişim sağlandı ","timestamp":"2024-03-22T21:49:53.027Z"}
{"api":"Nodejs Uygulaması Endpointleri","label":"Benim Api","level":"info","message":"::1 den ilgili endpointe  /updateData/12/13 erişim sağlandı ","timestamp":"2024-03-22T21:50:04.451Z"}
